2019/03/14 12:57:05 [error] [exception.ParseError] ParseError: syntax error, unexpected '}' in /data/www/japacred/protected/controllers/SiteController.php:126
Stack trace:
#0 /data/www/framework/web/CWebApplication.php(276): CWebApplication->createController('login/')
#1 /data/www/framework/web/CWebApplication.php(141): CWebApplication->runController('site/login')
#2 /data/www/framework/base/CApplication.php(185): CWebApplication->processRequest()
#3 /data/www/japacred/index.php(13): CApplication->run()
#4 {main}
REQUEST_URI=/japacred/index.php?r=site/login
HTTP_REFERER=http://127.0.0.1/japacred/index.php?r=site/login
---
2019/03/14 13:28:40 [error] [exception.ParseError] ParseError: syntax error, unexpected '=>' (T_DOUBLE_ARROW), expecting ',' or ')' in /data/www/japacred/protected/views/site/login.php:37
Stack trace:
#0 /data/www/framework/web/CBaseController.php(95): CBaseController->renderInternal('/data/www/japac...', Array, true)
#1 /data/www/framework/web/CController.php(872): CBaseController->renderFile('/data/www/japac...', Array, true)
#2 /data/www/framework/web/CController.php(785): CController->renderPartial('login', Array, true)
#3 /data/www/japacred/protected/controllers/SiteController.php(98): CController->render('login', Array)
#4 /data/www/framework/web/actions/CInlineAction.php(49): SiteController->actionLogin()
#5 /data/www/framework/web/CController.php(308): CInlineAction->runWithParams(Array)
#6 /data/www/framework/web/CController.php(286): CController->runAction(Object(CInlineAction))
#7 /data/www/framework/web/CController.php(265): CController->runActionWithFilters(Object(CInlineAction), Array)
#8 /data/www/framework/web/CWebApplication.php(282): CController->run('login')
#9 /data/www/framework/web/CWebApplication.php(141): CWebApplication->runController('site/login')
#10 /data/www/framework/base/CApplication.php(185): CWebApplication->processRequest()
#11 /data/www/japacred/index.php(13): CApplication->run()
#12 {main}
REQUEST_URI=/japacred/index.php?r=site/login
HTTP_REFERER=http://127.0.0.1/japacred/index.php?r=site/contact
---
2019/03/14 13:28:54 [error] [exception.ParseError] ParseError: syntax error, unexpected '=>' (T_DOUBLE_ARROW), expecting ',' or ')' in /data/www/japacred/protected/views/site/login.php:37
Stack trace:
#0 /data/www/framework/web/CBaseController.php(95): CBaseController->renderInternal('/data/www/japac...', Array, true)
#1 /data/www/framework/web/CController.php(872): CBaseController->renderFile('/data/www/japac...', Array, true)
#2 /data/www/framework/web/CController.php(785): CController->renderPartial('login', Array, true)
#3 /data/www/japacred/protected/controllers/SiteController.php(98): CController->render('login', Array)
#4 /data/www/framework/web/actions/CInlineAction.php(49): SiteController->actionLogin()
#5 /data/www/framework/web/CController.php(308): CInlineAction->runWithParams(Array)
#6 /data/www/framework/web/CController.php(286): CController->runAction(Object(CInlineAction))
#7 /data/www/framework/web/CController.php(265): CController->runActionWithFilters(Object(CInlineAction), Array)
#8 /data/www/framework/web/CWebApplication.php(282): CController->run('login')
#9 /data/www/framework/web/CWebApplication.php(141): CWebApplication->runController('site/login')
#10 /data/www/framework/base/CApplication.php(185): CWebApplication->processRequest()
#11 /data/www/japacred/index.php(13): CApplication->run()
#12 {main}
REQUEST_URI=/japacred/index.php?r=site/login
HTTP_REFERER=http://127.0.0.1/japacred/index.php?r=site/contact
---
2019/03/14 13:28:56 [error] [exception.ParseError] ParseError: syntax error, unexpected '=>' (T_DOUBLE_ARROW), expecting ',' or ')' in /data/www/japacred/protected/views/site/login.php:37
Stack trace:
#0 /data/www/framework/web/CBaseController.php(95): CBaseController->renderInternal('/data/www/japac...', Array, true)
#1 /data/www/framework/web/CController.php(872): CBaseController->renderFile('/data/www/japac...', Array, true)
#2 /data/www/framework/web/CController.php(785): CController->renderPartial('login', Array, true)
#3 /data/www/japacred/protected/controllers/SiteController.php(98): CController->render('login', Array)
#4 /data/www/framework/web/actions/CInlineAction.php(49): SiteController->actionLogin()
#5 /data/www/framework/web/CController.php(308): CInlineAction->runWithParams(Array)
#6 /data/www/framework/web/CController.php(286): CController->runAction(Object(CInlineAction))
#7 /data/www/framework/web/CController.php(265): CController->runActionWithFilters(Object(CInlineAction), Array)
#8 /data/www/framework/web/CWebApplication.php(282): CController->run('login')
#9 /data/www/framework/web/CWebApplication.php(141): CWebApplication->runController('site/login')
#10 /data/www/framework/base/CApplication.php(185): CWebApplication->processRequest()
#11 /data/www/japacred/index.php(13): CApplication->run()
#12 {main}
REQUEST_URI=/japacred/index.php?r=site/login
HTTP_REFERER=http://127.0.0.1/japacred/index.php?r=site/contact
---
2019/03/14 13:30:45 [error] [exception.CHttpException.404] CHttpException: The system is unable to find the requested action "register". in /data/www/framework/web/CController.php:486
Stack trace:
#0 /data/www/framework/web/CController.php(270): CController->missingAction('register')
#1 /data/www/framework/web/CWebApplication.php(282): CController->run('register')
#2 /data/www/framework/web/CWebApplication.php(141): CWebApplication->runController('site/register')
#3 /data/www/framework/base/CApplication.php(185): CWebApplication->processRequest()
#4 /data/www/japacred/index.php(13): CApplication->run()
#5 {main}
REQUEST_URI=/japacred/index.php?r=site/register
HTTP_REFERER=http://127.0.0.1/japacred/index.php?r=site/login
---
2019/03/14 13:30:52 [error] [exception.CHttpException.404] CHttpException: The system is unable to find the requested action "register". in /data/www/framework/web/CController.php:486
Stack trace:
#0 /data/www/framework/web/CController.php(270): CController->missingAction('register')
#1 /data/www/framework/web/CWebApplication.php(282): CController->run('register')
#2 /data/www/framework/web/CWebApplication.php(141): CWebApplication->runController('site/register')
#3 /data/www/framework/base/CApplication.php(185): CWebApplication->processRequest()
#4 /data/www/japacred/index.php(13): CApplication->run()
#5 {main}
REQUEST_URI=/japacred/index.php?r=site/register
HTTP_REFERER=http://127.0.0.1/japacred/index.php?r=site/login
---
2019/03/14 13:32:36 [error] [exception.CHttpException.404] CHttpException: The system is unable to find the requested action "register". in /data/www/framework/web/CController.php:486
Stack trace:
#0 /data/www/framework/web/CController.php(270): CController->missingAction('register')
#1 /data/www/framework/web/CWebApplication.php(282): CController->run('register')
#2 /data/www/framework/web/CWebApplication.php(141): CWebApplication->runController('site/register')
#3 /data/www/framework/base/CApplication.php(185): CWebApplication->processRequest()
#4 /data/www/japacred/index.php(13): CApplication->run()
#5 {main}
REQUEST_URI=/japacred/index.php?r=site/register
HTTP_REFERER=http://127.0.0.1/japacred/index.php?r=site/login
---
2019/03/14 13:40:48 [error] [exception.CException] CException: Property "RegisterForm.email" is not defined. in /data/www/framework/base/CComponent.php:130
Stack trace:
#0 /data/www/framework/web/helpers/CHtml.php(2760): CComponent->__get('email')
#1 /data/www/framework/web/helpers/CHtml.php(2483): CHtml::resolveValue(Object(RegisterForm), 'email')
#2 /data/www/framework/web/helpers/CHtml.php(1540): CHtml::activeInputField('text', Object(RegisterForm), 'email', Array)
#3 /data/www/framework/web/widgets/CActiveForm.php(792): CHtml::activeTextField(Object(RegisterForm), 'email', Array)
#4 /data/www/japacred/protected/views/site/register.php(19): CActiveForm->textField(Object(RegisterForm), 'email')
#5 /data/www/framework/web/CBaseController.php(126): require('/data/www/japac...')
#6 /data/www/framework/web/CBaseController.php(95): CBaseController->renderInternal('/data/www/japac...', Array, true)
#7 /data/www/framework/web/CController.php(872): CBaseController->renderFile('/data/www/japac...', Array, true)
#8 /data/www/framework/web/CController.php(785): CController->renderPartial('register', Array, true)
#9 /data/www/japacred/protected/controllers/SiteController.php(121): CController->render('register', Array)
#10 /data/www/framework/web/actions/CInlineAction.php(49): SiteController->actionRegister()
#11 /data/www/framework/web/CController.php(308): CInlineAction->runWithParams(Array)
#12 /data/www/framework/web/CController.php(286): CController->runAction(Object(CInlineAction))
#13 /data/www/framework/web/CController.php(265): CController->runActionWithFilters(Object(CInlineAction), Array)
#14 /data/www/framework/web/CWebApplication.php(282): CController->run('register')
#15 /data/www/framework/web/CWebApplication.php(141): CWebApplication->runController('site/register')
#16 /data/www/framework/base/CApplication.php(185): CWebApplication->processRequest()
#17 /data/www/japacred/index.php(13): CApplication->run()
#18 {main}
REQUEST_URI=/japacred/index.php?r=site/register
HTTP_REFERER=http://127.0.0.1/japacred/index.php?r=site/login
---
2019/03/14 13:42:18 [error] [exception.CException] CException: Property "RegisterForm.confirm-password" is not defined. in /data/www/framework/base/CComponent.php:130
Stack trace:
#0 /data/www/framework/web/helpers/CHtml.php(2760): CComponent->__get('confirm-passwor...')
#1 /data/www/framework/web/helpers/CHtml.php(2483): CHtml::resolveValue(Object(RegisterForm), 'confirm-passwor...')
#2 /data/www/framework/web/helpers/CHtml.php(1540): CHtml::activeInputField('text', Object(RegisterForm), 'confirm-passwor...', Array)
#3 /data/www/framework/web/widgets/CActiveForm.php(792): CHtml::activeTextField(Object(RegisterForm), 'confirm-passwor...', Array)
#4 /data/www/japacred/protected/views/site/register.php(34): CActiveForm->textField(Object(RegisterForm), 'confirm-passwor...')
#5 /data/www/framework/web/CBaseController.php(126): require('/data/www/japac...')
#6 /data/www/framework/web/CBaseController.php(95): CBaseController->renderInternal('/data/www/japac...', Array, true)
#7 /data/www/framework/web/CController.php(872): CBaseController->renderFile('/data/www/japac...', Array, true)
#8 /data/www/framework/web/CController.php(785): CController->renderPartial('register', Array, true)
#9 /data/www/japacred/protected/controllers/SiteController.php(121): CController->render('register', Array)
#10 /data/www/framework/web/actions/CInlineAction.php(49): SiteController->actionRegister()
#11 /data/www/framework/web/CController.php(308): CInlineAction->runWithParams(Array)
#12 /data/www/framework/web/CController.php(286): CController->runAction(Object(CInlineAction))
#13 /data/www/framework/web/CController.php(265): CController->runActionWithFilters(Object(CInlineAction), Array)
#14 /data/www/framework/web/CWebApplication.php(282): CController->run('register')
#15 /data/www/framework/web/CWebApplication.php(141): CWebApplication->runController('site/register')
#16 /data/www/framework/base/CApplication.php(185): CWebApplication->processRequest()
#17 /data/www/japacred/index.php(13): CApplication->run()
#18 {main}
REQUEST_URI=/japacred/index.php?r=site/register
HTTP_REFERER=http://127.0.0.1/japacred/index.php?r=site/login
---
2019/03/14 13:43:38 [error] [exception.ParseError] ParseError: syntax error, unexpected '-', expecting ',' or ';' in /data/www/japacred/protected/models/RegisterForm.php:13
Stack trace:
#0 [internal function]: YiiBase::autoload('RegisterForm')
#1 /data/www/japacred/protected/controllers/SiteController.php(103): spl_autoload_call('RegisterForm')
#2 /data/www/framework/web/actions/CInlineAction.php(49): SiteController->actionRegister()
#3 /data/www/framework/web/CController.php(308): CInlineAction->runWithParams(Array)
#4 /data/www/framework/web/CController.php(286): CController->runAction(Object(CInlineAction))
#5 /data/www/framework/web/CController.php(265): CController->runActionWithFilters(Object(CInlineAction), Array)
#6 /data/www/framework/web/CWebApplication.php(282): CController->run('register')
#7 /data/www/framework/web/CWebApplication.php(141): CWebApplication->runController('site/register')
#8 /data/www/framework/base/CApplication.php(185): CWebApplication->processRequest()
#9 /data/www/japacred/index.php(13): CApplication->run()
#10 {main}
REQUEST_URI=/japacred/index.php?r=site/register
HTTP_REFERER=http://127.0.0.1/japacred/index.php?r=site/login
---
2019/03/14 13:43:45 [error] [exception.ParseError] ParseError: syntax error, unexpected '-', expecting ',' or ';' in /data/www/japacred/protected/models/RegisterForm.php:13
Stack trace:
#0 [internal function]: YiiBase::autoload('RegisterForm')
#1 /data/www/japacred/protected/controllers/SiteController.php(103): spl_autoload_call('RegisterForm')
#2 /data/www/framework/web/actions/CInlineAction.php(49): SiteController->actionRegister()
#3 /data/www/framework/web/CController.php(308): CInlineAction->runWithParams(Array)
#4 /data/www/framework/web/CController.php(286): CController->runAction(Object(CInlineAction))
#5 /data/www/framework/web/CController.php(265): CController->runActionWithFilters(Object(CInlineAction), Array)
#6 /data/www/framework/web/CWebApplication.php(282): CController->run('register')
#7 /data/www/framework/web/CWebApplication.php(141): CWebApplication->runController('site/register')
#8 /data/www/framework/base/CApplication.php(185): CWebApplication->processRequest()
#9 /data/www/japacred/index.php(13): CApplication->run()
#10 {main}
REQUEST_URI=/japacred/index.php?r=site/register
HTTP_REFERER=http://127.0.0.1/japacred/index.php?r=site/login
---
2019/03/14 13:44:28 [error] [exception.ParseError] ParseError: syntax error, unexpected '-', expecting ',' or ';' in /data/www/japacred/protected/models/RegisterForm.php:13
Stack trace:
#0 [internal function]: YiiBase::autoload('RegisterForm')
#1 /data/www/japacred/protected/controllers/SiteController.php(103): spl_autoload_call('RegisterForm')
#2 /data/www/framework/web/actions/CInlineAction.php(49): SiteController->actionRegister()
#3 /data/www/framework/web/CController.php(308): CInlineAction->runWithParams(Array)
#4 /data/www/framework/web/CController.php(286): CController->runAction(Object(CInlineAction))
#5 /data/www/framework/web/CController.php(265): CController->runActionWithFilters(Object(CInlineAction), Array)
#6 /data/www/framework/web/CWebApplication.php(282): CController->run('register')
#7 /data/www/framework/web/CWebApplication.php(141): CWebApplication->runController('site/register')
#8 /data/www/framework/base/CApplication.php(185): CWebApplication->processRequest()
#9 /data/www/japacred/index.php(13): CApplication->run()
#10 {main}
REQUEST_URI=/japacred/index.php?r=site/register
HTTP_REFERER=http://127.0.0.1/japacred/index.php?r=site/login
---
2019/03/14 13:44:50 [error] [exception.ParseError] ParseError: syntax error, unexpected '-', expecting ',' or ';' in /data/www/japacred/protected/models/RegisterForm.php:13
Stack trace:
#0 [internal function]: YiiBase::autoload('RegisterForm')
#1 /data/www/japacred/protected/controllers/SiteController.php(103): spl_autoload_call('RegisterForm')
#2 /data/www/framework/web/actions/CInlineAction.php(49): SiteController->actionRegister()
#3 /data/www/framework/web/CController.php(308): CInlineAction->runWithParams(Array)
#4 /data/www/framework/web/CController.php(286): CController->runAction(Object(CInlineAction))
#5 /data/www/framework/web/CController.php(265): CController->runActionWithFilters(Object(CInlineAction), Array)
#6 /data/www/framework/web/CWebApplication.php(282): CController->run('register')
#7 /data/www/framework/web/CWebApplication.php(141): CWebApplication->runController('site/register')
#8 /data/www/framework/base/CApplication.php(185): CWebApplication->processRequest()
#9 /data/www/japacred/index.php(13): CApplication->run()
#10 {main}
REQUEST_URI=/japacred/index.php?r=site/register
HTTP_REFERER=http://127.0.0.1/japacred/index.php?r=site/login
---
2019/03/14 14:07:29 [error] [exception.ParseError] ParseError: syntax error, unexpected 'public' (T_PUBLIC) in /data/www/japacred/protected/models/RegisterForm.php:70
Stack trace:
#0 [internal function]: YiiBase::autoload('RegisterForm')
#1 /data/www/japacred/protected/controllers/SiteController.php(102): spl_autoload_call('RegisterForm')
#2 /data/www/framework/web/actions/CInlineAction.php(49): SiteController->actionRegister()
#3 /data/www/framework/web/CController.php(308): CInlineAction->runWithParams(Array)
#4 /data/www/framework/web/CController.php(286): CController->runAction(Object(CInlineAction))
#5 /data/www/framework/web/CController.php(265): CController->runActionWithFilters(Object(CInlineAction), Array)
#6 /data/www/framework/web/CWebApplication.php(282): CController->run('register')
#7 /data/www/framework/web/CWebApplication.php(141): CWebApplication->runController('site/register')
#8 /data/www/framework/base/CApplication.php(185): CWebApplication->processRequest()
#9 /data/www/japacred/index.php(13): CApplication->run()
#10 {main}
REQUEST_URI=/japacred/index.php?r=site/register
HTTP_REFERER=http://127.0.0.1/japacred/index.php?r=site/login
---
2019/03/14 14:08:44 [error] [exception.ParseError] ParseError: syntax error, unexpected 'private' (T_PRIVATE) in /data/www/japacred/protected/models/RegisterForm.php:53
Stack trace:
#0 [internal function]: YiiBase::autoload('RegisterForm')
#1 /data/www/japacred/protected/controllers/SiteController.php(102): spl_autoload_call('RegisterForm')
#2 /data/www/framework/web/actions/CInlineAction.php(49): SiteController->actionRegister()
#3 /data/www/framework/web/CController.php(308): CInlineAction->runWithParams(Array)
#4 /data/www/framework/web/CController.php(286): CController->runAction(Object(CInlineAction))
#5 /data/www/framework/web/CController.php(265): CController->runActionWithFilters(Object(CInlineAction), Array)
#6 /data/www/framework/web/CWebApplication.php(282): CController->run('register')
#7 /data/www/framework/web/CWebApplication.php(141): CWebApplication->runController('site/register')
#8 /data/www/framework/base/CApplication.php(185): CWebApplication->processRequest()
#9 /data/www/japacred/index.php(13): CApplication->run()
#10 {main}
REQUEST_URI=/japacred/index.php?r=site/register
HTTP_REFERER=http://127.0.0.1/japacred/index.php?r=site/login
---
2019/03/14 14:10:04 [error] [exception.ParseError] ParseError: syntax error, unexpected '->' (T_OBJECT_OPERATOR) in /data/www/japacred/protected/models/RegisterForm.php:71
Stack trace:
#0 [internal function]: YiiBase::autoload('RegisterForm')
#1 /data/www/japacred/protected/controllers/SiteController.php(102): spl_autoload_call('RegisterForm')
#2 /data/www/framework/web/actions/CInlineAction.php(49): SiteController->actionRegister()
#3 /data/www/framework/web/CController.php(308): CInlineAction->runWithParams(Array)
#4 /data/www/framework/web/CController.php(286): CController->runAction(Object(CInlineAction))
#5 /data/www/framework/web/CController.php(265): CController->runActionWithFilters(Object(CInlineAction), Array)
#6 /data/www/framework/web/CWebApplication.php(282): CController->run('register')
#7 /data/www/framework/web/CWebApplication.php(141): CWebApplication->runController('site/register')
#8 /data/www/framework/base/CApplication.php(185): CWebApplication->processRequest()
#9 /data/www/japacred/index.php(13): CApplication->run()
#10 {main}
REQUEST_URI=/japacred/index.php?r=site/register
HTTP_REFERER=http://127.0.0.1/japacred/index.php?r=site/login
---
2019/03/14 14:10:30 [error] [php] include(User.php): failed to open stream: No such file or directory (/data/www/framework/YiiBase.php:463)
Stack trace:
#0 /data/www/japacred/protected/controllers/SiteController.php(103): spl_autoload_call()
#1 /data/www/framework/web/actions/CInlineAction.php(49): SiteController->actionRegister()
#2 /data/www/framework/web/CController.php(308): CInlineAction->runWithParams()
#3 /data/www/framework/web/CController.php(286): SiteController->runAction()
#4 /data/www/framework/web/CController.php(265): SiteController->runActionWithFilters()
#5 /data/www/framework/web/CWebApplication.php(282): SiteController->run()
#6 /data/www/framework/web/CWebApplication.php(141): CWebApplication->runController()
#7 /data/www/framework/base/CApplication.php(185): CWebApplication->processRequest()
#8 /data/www/japacred/index.php(13): CWebApplication->run()
REQUEST_URI=/japacred/index.php?r=site/register
in /data/www/japacred/protected/controllers/SiteController.php (103)
in /data/www/japacred/index.php (13)
2019/03/14 14:21:37 [error] [exception.ParseError] ParseError: syntax error, unexpected '}', expecting end of file in /data/www/japacred/protected/models/User.php:54
Stack trace:
#0 [internal function]: YiiBase::autoload('User')
#1 /data/www/japacred/protected/controllers/SiteController.php(103): spl_autoload_call('User')
#2 /data/www/framework/web/actions/CInlineAction.php(49): SiteController->actionRegister()
#3 /data/www/framework/web/CController.php(308): CInlineAction->runWithParams(Array)
#4 /data/www/framework/web/CController.php(286): CController->runAction(Object(CInlineAction))
#5 /data/www/framework/web/CController.php(265): CController->runActionWithFilters(Object(CInlineAction), Array)
#6 /data/www/framework/web/CWebApplication.php(282): CController->run('register')
#7 /data/www/framework/web/CWebApplication.php(141): CWebApplication->runController('site/register')
#8 /data/www/framework/base/CApplication.php(185): CWebApplication->processRequest()
#9 /data/www/japacred/index.php(13): CApplication->run()
#10 {main}
REQUEST_URI=/japacred/index.php?r=site/register
HTTP_REFERER=http://127.0.0.1/japacred/index.php?r=site/index
---
2019/03/14 14:21:55 [error] [exception.ParseError] ParseError: syntax error, unexpected '}', expecting end of file in /data/www/japacred/protected/models/User.php:54
Stack trace:
#0 [internal function]: YiiBase::autoload('User')
#1 /data/www/japacred/protected/controllers/SiteController.php(103): spl_autoload_call('User')
#2 /data/www/framework/web/actions/CInlineAction.php(49): SiteController->actionRegister()
#3 /data/www/framework/web/CController.php(308): CInlineAction->runWithParams(Array)
#4 /data/www/framework/web/CController.php(286): CController->runAction(Object(CInlineAction))
#5 /data/www/framework/web/CController.php(265): CController->runActionWithFilters(Object(CInlineAction), Array)
#6 /data/www/framework/web/CWebApplication.php(282): CController->run('register')
#7 /data/www/framework/web/CWebApplication.php(141): CWebApplication->runController('site/register')
#8 /data/www/framework/base/CApplication.php(185): CWebApplication->processRequest()
#9 /data/www/japacred/index.php(13): CApplication->run()
#10 {main}
REQUEST_URI=/japacred/index.php?r=site/register
HTTP_REFERER=http://127.0.0.1/japacred/index.php?r=site/index
---
2019/03/14 14:22:31 [error] [php] include(UserDAL.php): failed to open stream: No such file or directory (/data/www/framework/YiiBase.php:463)
Stack trace:
#0 /data/www/japacred/protected/models/User.php(12): spl_autoload_call()
#1 /data/www/japacred/protected/controllers/SiteController.php(103): User->__construct()
#2 /data/www/framework/web/actions/CInlineAction.php(49): SiteController->actionRegister()
#3 /data/www/framework/web/CController.php(308): CInlineAction->runWithParams()
#4 /data/www/framework/web/CController.php(286): SiteController->runAction()
#5 /data/www/framework/web/CController.php(265): SiteController->runActionWithFilters()
#6 /data/www/framework/web/CWebApplication.php(282): SiteController->run()
#7 /data/www/framework/web/CWebApplication.php(141): CWebApplication->runController()
#8 /data/www/framework/base/CApplication.php(185): CWebApplication->processRequest()
#9 /data/www/japacred/index.php(13): CWebApplication->run()
REQUEST_URI=/japacred/index.php?r=site/register
in /data/www/japacred/protected/models/User.php (12)
in /data/www/japacred/protected/controllers/SiteController.php (103)
in /data/www/japacred/index.php (13)
2019/03/14 14:33:50 [error] [exception.CException] CException: Property "RegisterForm.confirm_password" is not defined. in /data/www/framework/base/CComponent.php:130
Stack trace:
#0 /data/www/framework/web/helpers/CHtml.php(2760): CComponent->__get('confirm_passwor...')
#1 /data/www/framework/web/helpers/CHtml.php(2483): CHtml::resolveValue(Object(RegisterForm), 'confirm_passwor...')
#2 /data/www/framework/web/helpers/CHtml.php(1540): CHtml::activeInputField('text', Object(RegisterForm), 'confirm_passwor...', Array)
#3 /data/www/framework/web/widgets/CActiveForm.php(792): CHtml::activeTextField(Object(RegisterForm), 'confirm_passwor...', Array)
#4 /data/www/japacred/protected/views/site/register.php(34): CActiveForm->textField(Object(RegisterForm), 'confirm_passwor...')
#5 /data/www/framework/web/CBaseController.php(126): require('/data/www/japac...')
#6 /data/www/framework/web/CBaseController.php(95): CBaseController->renderInternal('/data/www/japac...', Array, true)
#7 /data/www/framework/web/CController.php(872): CBaseController->renderFile('/data/www/japac...', Array, true)
#8 /data/www/framework/web/CController.php(785): CController->renderPartial('register', Array, true)
#9 /data/www/japacred/protected/controllers/SiteController.php(121): CController->render('register', Array)
#10 /data/www/framework/web/actions/CInlineAction.php(49): SiteController->actionRegister()
#11 /data/www/framework/web/CController.php(308): CInlineAction->runWithParams(Array)
#12 /data/www/framework/web/CController.php(286): CController->runAction(Object(CInlineAction))
#13 /data/www/framework/web/CController.php(265): CController->runActionWithFilters(Object(CInlineAction), Array)
#14 /data/www/framework/web/CWebApplication.php(282): CController->run('register')
#15 /data/www/framework/web/CWebApplication.php(141): CWebApplication->runController('site/register')
#16 /data/www/framework/base/CApplication.php(185): CWebApplication->processRequest()
#17 /data/www/japacred/index.php(13): CApplication->run()
#18 {main}
REQUEST_URI=/japacred/index.php?r=site/register
HTTP_REFERER=http://127.0.0.1/japacred/index.php?r=site/login
---
2019/03/14 14:34:39 [error] [exception.CException] CException: Property "RegisterForm.rememberMe" is not defined. in /data/www/framework/base/CComponent.php:130
Stack trace:
#0 /data/www/framework/web/helpers/CHtml.php(2760): CComponent->__get('rememberMe')
#1 /data/www/framework/web/helpers/CHtml.php(1933): CHtml::resolveValue(Object(RegisterForm), 'rememberMe')
#2 /data/www/framework/web/widgets/CActiveForm.php(898): CHtml::activeCheckBox(Object(RegisterForm), 'rememberMe', Array)
#3 /data/www/japacred/protected/views/site/register.php(38): CActiveForm->checkBox(Object(RegisterForm), 'rememberMe')
#4 /data/www/framework/web/CBaseController.php(126): require('/data/www/japac...')
#5 /data/www/framework/web/CBaseController.php(95): CBaseController->renderInternal('/data/www/japac...', Array, true)
#6 /data/www/framework/web/CController.php(872): CBaseController->renderFile('/data/www/japac...', Array, true)
#7 /data/www/framework/web/CController.php(785): CController->renderPartial('register', Array, true)
#8 /data/www/japacred/protected/controllers/SiteController.php(121): CController->render('register', Array)
#9 /data/www/framework/web/actions/CInlineAction.php(49): SiteController->actionRegister()
#10 /data/www/framework/web/CController.php(308): CInlineAction->runWithParams(Array)
#11 /data/www/framework/web/CController.php(286): CController->runAction(Object(CInlineAction))
#12 /data/www/framework/web/CController.php(265): CController->runActionWithFilters(Object(CInlineAction), Array)
#13 /data/www/framework/web/CWebApplication.php(282): CController->run('register')
#14 /data/www/framework/web/CWebApplication.php(141): CWebApplication->runController('site/register')
#15 /data/www/framework/base/CApplication.php(185): CWebApplication->processRequest()
#16 /data/www/japacred/index.php(13): CApplication->run()
#17 {main}
REQUEST_URI=/japacred/index.php?r=site/register
HTTP_REFERER=http://127.0.0.1/japacred/index.php?r=site/login
---
2019/03/15 10:38:23 [error] [exception.CHttpException.404] CHttpException: Unable to resolve the request "gii.". in /data/www/framework/web/CWebApplication.php:286
Stack trace:
#0 /data/www/framework/web/CWebApplication.php(141): CWebApplication->runController('gii.')
#1 /data/www/framework/base/CApplication.php(185): CWebApplication->processRequest()
#2 /data/www/japacred/index.php(13): CApplication->run()
#3 {main}
REQUEST_URI=/japacred/index.php?r=gii.
---
2019/03/15 10:38:35 [error] [exception.CHttpException.403] CHttpException: You are not allowed to access this page. in /data/www/framework/gii/GiiModule.php:170
Stack trace:
#0 /data/www/framework/web/CController.php(263): GiiModule->beforeControllerAction(Object(DefaultController), Object(CInlineAction))
#1 /data/www/framework/web/CWebApplication.php(282): CController->run('')
#2 /data/www/framework/web/CWebApplication.php(141): CWebApplication->runController('gii')
#3 /data/www/framework/base/CApplication.php(185): CWebApplication->processRequest()
#4 /data/www/japacred/index.php(13): CApplication->run()
#5 {main}
REQUEST_URI=/japacred/index.php?r=gii
---
2019/03/15 10:40:34 [error] [exception.CHttpException.403] CHttpException: You are not allowed to access this page. in /data/www/framework/gii/GiiModule.php:170
Stack trace:
#0 /data/www/framework/web/CController.php(263): GiiModule->beforeControllerAction(Object(DefaultController), Object(CInlineAction))
#1 /data/www/framework/web/CWebApplication.php(282): CController->run('')
#2 /data/www/framework/web/CWebApplication.php(141): CWebApplication->runController('gii')
#3 /data/www/framework/base/CApplication.php(185): CWebApplication->processRequest()
#4 /data/www/japacred/index.php(13): CApplication->run()
#5 {main}
REQUEST_URI=/japacred/index.php?r=gii
---
2019/03/15 10:41:15 [error] [exception.CHttpException.403] CHttpException: You are not allowed to access this page. in /data/www/framework/gii/GiiModule.php:170
Stack trace:
#0 /data/www/framework/web/CController.php(263): GiiModule->beforeControllerAction(Object(DefaultController), Object(CInlineAction))
#1 /data/www/framework/web/CWebApplication.php(282): CController->run('')
#2 /data/www/framework/web/CWebApplication.php(141): CWebApplication->runController('gii')
#3 /data/www/framework/base/CApplication.php(185): CWebApplication->processRequest()
#4 /data/www/japacred/index.php(13): CApplication->run()
#5 {main}
REQUEST_URI=/japacred/index.php?r=gii
---
2019/03/15 10:41:25 [error] [exception.CHttpException.403] CHttpException: You are not allowed to access this page. in /data/www/framework/gii/GiiModule.php:170
Stack trace:
#0 /data/www/framework/web/CController.php(263): GiiModule->beforeControllerAction(Object(DefaultController), Object(CInlineAction))
#1 /data/www/framework/web/CWebApplication.php(282): CController->run('')
#2 /data/www/framework/web/CWebApplication.php(141): CWebApplication->runController('gii')
#3 /data/www/framework/base/CApplication.php(185): CWebApplication->processRequest()
#4 /data/www/japacred/index.php(13): CApplication->run()
#5 {main}
REQUEST_URI=/japacred/index.php?r=gii
---
2019/03/15 10:42:41 [error] [exception.CHttpException.403] CHttpException: You are not allowed to access this page. in /data/www/framework/gii/GiiModule.php:170
Stack trace:
#0 /data/www/framework/web/CController.php(263): GiiModule->beforeControllerAction(Object(DefaultController), Object(CInlineAction))
#1 /data/www/framework/web/CWebApplication.php(282): CController->run('')
#2 /data/www/framework/web/CWebApplication.php(141): CWebApplication->runController('gii')
#3 /data/www/framework/base/CApplication.php(185): CWebApplication->processRequest()
#4 /data/www/japacred/index.php(13): CApplication->run()
#5 {main}
REQUEST_URI=/japacred/index.php?r=gii
---
2019/03/15 10:44:32 [error] [exception.CHttpException.403] CHttpException: You are not allowed to access this page. in /data/www/framework/gii/GiiModule.php:170
Stack trace:
#0 /data/www/framework/web/CController.php(263): GiiModule->beforeControllerAction(Object(DefaultController), Object(CInlineAction))
#1 /data/www/framework/web/CWebApplication.php(282): CController->run('')
#2 /data/www/framework/web/CWebApplication.php(141): CWebApplication->runController('gii')
#3 /data/www/framework/base/CApplication.php(185): CWebApplication->processRequest()
#4 /data/www/japacred/index.php(13): CApplication->run()
#5 {main}
REQUEST_URI=/japacred/index.php?r=gii
---
2019/03/15 10:45:01 [error] [exception.CHttpException.403] CHttpException: You are not allowed to access this page. in /data/www/framework/gii/GiiModule.php:170
Stack trace:
#0 /data/www/framework/web/CController.php(263): GiiModule->beforeControllerAction(Object(DefaultController), Object(CInlineAction))
#1 /data/www/framework/web/CWebApplication.php(282): CController->run('')
#2 /data/www/framework/web/CWebApplication.php(141): CWebApplication->runController('gii')
#3 /data/www/framework/base/CApplication.php(185): CWebApplication->processRequest()
#4 /data/www/japacred/index.php(13): CApplication->run()
#5 {main}
REQUEST_URI=/japacred/index.php?r=gii
---
2019/03/15 10:45:01 [error] [exception.CHttpException.403] CHttpException: You are not allowed to access this page. in /data/www/framework/gii/GiiModule.php:170
Stack trace:
#0 /data/www/framework/web/CController.php(263): GiiModule->beforeControllerAction(Object(DefaultController), Object(CInlineAction))
#1 /data/www/framework/web/CWebApplication.php(282): CController->run('')
#2 /data/www/framework/web/CWebApplication.php(141): CWebApplication->runController('gii')
#3 /data/www/framework/base/CApplication.php(185): CWebApplication->processRequest()
#4 /data/www/japacred/index.php(13): CApplication->run()
#5 {main}
REQUEST_URI=/japacred/index.php?r=gii
---
